<?xml version="1.0" encoding="UTF-8"?>
<testng-results skipped="0" failed="0" ignored="0" total="1" passed="1">
  <reporter-output>
  </reporter-output>
  <suite name="Suite" duration-ms="4494" started-at="2018-02-03T10:41:45Z" finished-at="2018-02-03T10:41:49Z">
    <groups>
    </groups>
    <test name="Test" duration-ms="4494" started-at="2018-02-03T10:41:45Z" finished-at="2018-02-03T10:41:49Z">
      <class name="qsp.DemoB">
        <test-method status="PASS" signature="testA()[pri:0, instance:qsp.DemoB@3d24753a]" name="testA" duration-ms="4454" started-at="2018-02-03T16:11:45Z" finished-at="2018-02-03T16:11:49Z">
          <reporter-output>
          </reporter-output>
        </test-method> <!-- testA -->
      </class> <!-- qsp.DemoB -->
    </test> <!-- Test -->
  </suite> <!-- Suite -->
</testng-results>
